{
  "stats": {
    "suites": 1,
    "tests": 0,
    "passes": 0,
    "pending": 0,
    "failures": 0,
    "start": "2022-05-20T04:47:25.667Z",
    "end": "2022-05-20T04:47:29.529Z",
    "duration": 3862,
    "testsRegistered": 1,
    "passPercent": 0,
    "pendingPercent": 0,
    "other": 1,
    "hasOther": true,
    "skipped": 1,
    "hasSkipped": true
  },
  "results": [
    {
      "uuid": "9f2bd0cc-a3d5-43e8-9c83-215f79a07997",
      "title": "",
      "fullFile": "cypress/integration/login.spec.js",
      "file": "cypress/integration/login.spec.js",
      "beforeHooks": [],
      "afterHooks": [],
      "tests": [],
      "suites": [
        {
          "uuid": "1f83eb9a-4cc7-4b14-b993-23d21b088234",
          "title": "Login application",
          "fullFile": "",
          "file": "",
          "beforeHooks": [],
          "afterHooks": [],
          "tests": [
            {
              "title": "Login using username and password",
              "fullTitle": "Login application Login using username and password",
              "timedOut": null,
              "duration": 3827,
              "state": "failed",
              "speed": null,
              "pass": false,
              "fail": true,
              "pending": false,
              "context": "[\n  \"../../screenshots/login.spec.js/Login application -- Login using username and password (failed).png\",\n  \"../../videos/login.spec.js.mp4\"\n]",
              "code": "var username = 'admin';\nloginPage.login(username, 'password');\nheader.verifyLogin(username);",
              "err": {
                "message": "Uncaught SyntaxError: Unexpected token '<'\n\nThis error originated from your application code, not from Cypress.\n\nWhen Cypress detects uncaught errors originating from your application it will automatically fail the current test.\n\nThis behavior is configurable, and you can choose to turn this off by listening to the `uncaught:exception` event.\n\nhttps://on.cypress.io/uncaught-exception-from-application\n\nBecause this error occurred during a `before each` hook we are skipping the remaining tests in the current suite: `Login application`",
                "estack": "Uncaught SyntaxError: Unexpected token '<'\n\nThis error originated from your application code, not from Cypress.\n\nWhen Cypress detects uncaught errors originating from your application it will automatically fail the current test.\n\nThis behavior is configurable, and you can choose to turn this off by listening to the `uncaught:exception` event.\n\nhttps://on.cypress.io/uncaught-exception-from-application\n\nBecause this error occurred during a `before each` hook we are skipping the remaining tests in the current suite: `Login application`",
                "diff": null
              },
              "uuid": "2dd73367-6ca1-4419-93b7-cf79dbc80520",
              "parentUUID": "1f83eb9a-4cc7-4b14-b993-23d21b088234",
              "isHook": false,
              "skipped": false
            }
          ],
          "suites": [],
          "passes": [],
          "failures": [
            "2dd73367-6ca1-4419-93b7-cf79dbc80520"
          ],
          "pending": [],
          "skipped": [],
          "duration": 3827,
          "root": false,
          "rootEmpty": false,
          "_timeout": 2000
        }
      ],
      "passes": [],
      "failures": [],
      "pending": [],
      "skipped": [],
      "duration": 0,
      "root": true,
      "rootEmpty": true,
      "_timeout": 2000
    }
  ],
  "meta": {
    "mocha": {
      "version": "7.1.1"
    },
    "mochawesome": {
      "options": {
        "quiet": false,
        "reportFilename": "mochawesome",
        "saveHtml": false,
        "saveJson": true,
        "consoleReporter": "spec",
        "useInlineDiffs": false,
        "code": true
      },
      "version": "6.1.0"
    },
    "marge": {
      "options": {
        "id": "default",
        "reportDir": "cypress/reports/mocha",
        "quite": true,
        "overwrite": false,
        "html": false,
        "json": true
      },
      "version": "5.1.0"
    }
  }
}