{
  "stats": {
    "suites": 1,
    "tests": 1,
    "passes": 1,
    "pending": 0,
    "failures": 0,
    "start": "2022-05-20T04:47:31.995Z",
    "end": "2022-05-20T04:47:59.629Z",
    "duration": 27634,
    "testsRegistered": 1,
    "passPercent": 100,
    "pendingPercent": 0,
    "other": 0,
    "hasOther": false,
    "skipped": 0,
    "hasSkipped": false
  },
  "results": [
    {
      "uuid": "5dd0ae79-a3c7-434a-b38f-88775d6a5ca4",
      "title": "",
      "fullFile": "cypress/integration/manage-employee.spec.js",
      "file": "cypress/integration/manage-employee.spec.js",
      "beforeHooks": [],
      "afterHooks": [],
      "tests": [],
      "suites": [
        {
          "uuid": "50123182-3a9a-45dc-807e-0dacd51ba317",
          "title": "Manage Employees",
          "fullFile": "",
          "file": "",
          "beforeHooks": [],
          "afterHooks": [],
          "tests": [
            {
              "title": "Create and Delete Employee",
              "fullTitle": "Manage Employees Create and Delete Employee",
              "timedOut": null,
              "duration": 27596,
              "state": "passed",
              "speed": "slow",
              "pass": true,
              "fail": false,
              "pending": false,
              "context": null,
              "code": "var name = 'Jonathan', salary = '50000', durWorked = '20', grade = '10', email = 'test@test.com';\nempPage.navigate();\nempPage.SaveEmployee(name, salary, durWorked, grade, email);\nempListPage.searchEmployee(name);\nempListPage.deleteEmployee();\nempListPage.searchEmployee(name);\nempListPage.verifyEmployeeDeleted(name);",
              "err": {},
              "uuid": "7a28bce5-7fee-4022-8f65-6fdf94b695b5",
              "parentUUID": "50123182-3a9a-45dc-807e-0dacd51ba317",
              "isHook": false,
              "skipped": false
            }
          ],
          "suites": [],
          "passes": [
            "7a28bce5-7fee-4022-8f65-6fdf94b695b5"
          ],
          "failures": [],
          "pending": [],
          "skipped": [],
          "duration": 27596,
          "root": false,
          "rootEmpty": false,
          "_timeout": 2000
        }
      ],
      "passes": [],
      "failures": [],
      "pending": [],
      "skipped": [],
      "duration": 0,
      "root": true,
      "rootEmpty": true,
      "_timeout": 2000
    }
  ],
  "meta": {
    "mocha": {
      "version": "7.1.1"
    },
    "mochawesome": {
      "options": {
        "quiet": false,
        "reportFilename": "mochawesome",
        "saveHtml": false,
        "saveJson": true,
        "consoleReporter": "spec",
        "useInlineDiffs": false,
        "code": true
      },
      "version": "6.1.0"
    },
    "marge": {
      "options": {
        "id": "default",
        "reportDir": "cypress/reports/mocha",
        "quite": true,
        "overwrite": false,
        "html": false,
        "json": true
      },
      "version": "5.1.0"
    }
  }
}